0 info it worked if it ends with ok
1 verbose cli [ '/home/vagrant/.nvm/versions/node/v6.10.3/bin/node',
1 verbose cli   '/home/vagrant/.nvm/versions/node/v6.10.3/bin/npm',
1 verbose cli   'version',
1 verbose cli   'patch' ]
2 info using npm@3.10.10
3 info using node@v6.10.3
4 info git [ 'status', '--porcelain' ]
5 verbose stack Error: Git working directory not clean.
5 verbose stack M assets-manager.js
5 verbose stack M configs-locator.js
5 verbose stack M index.js
5 verbose stack     at /home/vagrant/.nvm/versions/node/v6.10.3/lib/node_modules/npm/lib/version.js:247:19
5 verbose stack     at /home/vagrant/.nvm/versions/node/v6.10.3/lib/node_modules/npm/lib/utils/no-progress-while-running.js:21:8
5 verbose stack     at ChildProcess.exithandler (child_process.js:195:7)
5 verbose stack     at emitTwo (events.js:106:13)
5 verbose stack     at ChildProcess.emit (events.js:191:7)
5 verbose stack     at maybeClose (internal/child_process.js:886:16)
5 verbose stack     at Process.ChildProcess._handle.onexit (internal/child_process.js:226:5)
6 verbose cwd /var/www/gulp-assets-composer
7 error Linux 3.13.0-105-generic
8 error argv "/home/vagrant/.nvm/versions/node/v6.10.3/bin/node" "/home/vagrant/.nvm/versions/node/v6.10.3/bin/npm" "version" "patch"
9 error node v6.10.3
10 error npm  v3.10.10
11 error Git working directory not clean.
11 error M assets-manager.js
11 error M configs-locator.js
11 error M index.js
12 error If you need help, you may report this error at:
12 error     <https://github.com/npm/npm/issues>
13 verbose exit [ 1, true ]
